<?xml version="1.0" encoding="UTF-8"?>
<coverage generated="1735565997802" clover="3.2.0">
  <project timestamp="1735565997803" name="All files">
    <metrics statements="53" coveredstatements="42" conditionals="9" coveredconditionals="3" methods="8" coveredmethods="2" elements="70" coveredelements="47" complexity="0" loc="53" ncloc="53" packages="3" files="8" classes="8"/>
    <package name="components.buttons">
      <metrics statements="9" coveredstatements="9" conditionals="6" coveredconditionals="3" methods="2" coveredmethods="2"/>
      <file name="BaseButtonWithIcon.tsx" path="E:\University\Semester6\SE\IdeYar-front\src\components\buttons\BaseButtonWithIcon.tsx">
        <metrics statements="4" coveredstatements="4" conditionals="6" coveredconditionals="3" methods="1" coveredmethods="1"/>
        <line num="1" count="1" type="stmt"/>
        <line num="26" count="1" type="stmt"/>
        <line num="35" count="1" type="stmt"/>
        <line num="66" count="1" type="stmt"/>
      </file>
      <file name="PrimaryButton.tsx" path="E:\University\Semester6\SE\IdeYar-front\src\components\buttons\PrimaryButton.tsx">
        <metrics statements="5" coveredstatements="5" conditionals="0" coveredconditionals="0" methods="1" coveredmethods="1"/>
        <line num="2" count="1" type="stmt"/>
        <line num="3" count="1" type="stmt"/>
        <line num="20" count="1" type="stmt"/>
        <line num="30" count="1" type="stmt"/>
        <line num="56" count="1" type="stmt"/>
      </file>
    </package>
    <package name="store">
      <metrics statements="8" coveredstatements="5" conditionals="0" coveredconditionals="0" methods="3" coveredmethods="0"/>
      <file name="settingsSlice.ts" path="E:\University\Semester6\SE\IdeYar-front\src\store\settingsSlice.ts">
        <metrics statements="8" coveredstatements="5" conditionals="0" coveredconditionals="0" methods="3" coveredmethods="0"/>
        <line num="1" count="1" type="stmt"/>
        <line num="4" count="1" type="stmt"/>
        <line num="8" count="1" type="stmt"/>
        <line num="13" count="0" type="stmt"/>
        <line num="16" count="0" type="stmt"/>
        <line num="19" count="0" type="stmt"/>
        <line num="24" count="1" type="stmt"/>
        <line num="26" count="1" type="stmt"/>
      </file>
    </package>
    <package name="theme">
      <metrics statements="36" coveredstatements="28" conditionals="3" coveredconditionals="0" methods="3" coveredmethods="0"/>
      <file name="colorPalette.ts" path="E:\University\Semester6\SE\IdeYar-front\src\theme\colorPalette.ts">
        <metrics statements="4" coveredstatements="4" conditionals="0" coveredconditionals="0" methods="0" coveredmethods="0"/>
        <line num="2" count="1" type="stmt"/>
        <line num="3" count="1" type="stmt"/>
        <line num="12" count="1" type="stmt"/>
        <line num="77" count="1" type="stmt"/>
      </file>
      <file name="colors.ts" path="E:\University\Semester6\SE\IdeYar-front\src\theme\colors.ts">
        <metrics statements="9" coveredstatements="9" conditionals="0" coveredconditionals="0" methods="0" coveredmethods="0"/>
        <line num="1" count="1" type="stmt"/>
        <line num="2" count="1" type="stmt"/>
        <line num="3" count="1" type="stmt"/>
        <line num="5" count="1" type="stmt"/>
        <line num="20" count="1" type="stmt"/>
        <line num="35" count="1" type="stmt"/>
        <line num="50" count="1" type="stmt"/>
        <line num="65" count="1" type="stmt"/>
        <line num="80" count="1" type="stmt"/>
      </file>
      <file name="textColors.ts" path="E:\University\Semester6\SE\IdeYar-front\src\theme\textColors.ts">
        <metrics statements="3" coveredstatements="3" conditionals="0" coveredconditionals="0" methods="0" coveredmethods="0"/>
        <line num="1" count="1" type="stmt"/>
        <line num="9" count="1" type="stmt"/>
        <line num="15" count="1" type="stmt"/>
      </file>
      <file name="typography.ts" path="E:\University\Semester6\SE\IdeYar-front\src\theme\typography.ts">
        <metrics statements="2" coveredstatements="2" conditionals="0" coveredconditionals="0" methods="0" coveredmethods="0"/>
        <line num="3" count="1" type="stmt"/>
        <line num="27" count="1" type="stmt"/>
      </file>
      <file name="useTheme.ts" path="E:\University\Semester6\SE\IdeYar-front\src\theme\useTheme.ts">
        <metrics statements="18" coveredstatements="10" conditionals="3" coveredconditionals="0" methods="3" coveredmethods="0"/>
        <line num="1" count="1" type="stmt"/>
        <line num="7" count="1" type="stmt"/>
        <line num="8" count="1" type="stmt"/>
        <line num="10" count="1" type="stmt"/>
        <line num="11" count="1" type="stmt"/>
        <line num="12" count="1" type="stmt"/>
        <line num="14" count="1" type="stmt"/>
        <line num="22" count="1" type="stmt"/>
        <line num="30" count="1" type="stmt"/>
        <line num="31" count="0" type="stmt"/>
        <line num="32" count="0" type="stmt"/>
        <line num="34" count="0" type="stmt"/>
        <line num="35" count="0" type="cond" truecount="0" falsecount="1"/>
        <line num="36" count="0" type="stmt"/>
        <line num="37" count="0" type="stmt"/>
        <line num="39" count="0" type="cond" truecount="0" falsecount="2"/>
        <line num="42" count="0" type="stmt"/>
        <line num="44" count="1" type="stmt"/>
      </file>
    </package>
  </project>
</coverage>
