{"E:\\University\\Semester6\\SE\\IdeYar-front\\src\\components\\buttons\\BaseButtonWithIcon.tsx": {"path":"E:\\University\\Semester6\\SE\\IdeYar-front\\src\\components\\buttons\\BaseButtonWithIcon.tsx","statementMap":{"0":{"start":{"line":1,"column":0},"end":{"line":1,"column":null}},"1":{"start":{"line":26,"column":27},"end":{"line":64,"column":1}},"2":{"start":{"line":35,"column":2},"end":{"line":63,"column":4}},"3":{"start":{"line":66,"column":0},"end":{"line":66,"column":34}}},"fnMap":{"0":{"name":"(anonymous_0)","decl":{"start":{"line":26,"column":27},"end":{"line":26,"column":28}},"loc":{"start":{"line":34,"column":12},"end":{"line":64,"column":1}}}},"branchMap":{"0":{"loc":{"start":{"line":38,"column":9},"end":{"line":43,"column":null}},"type":"binary-expr","locations":[{"start":{"line":38,"column":9},"end":{"line":38,"column":18}},{"start":{"line":39,"column":10},"end":{"line":42,"column":null}}]},"1":{"loc":{"start":{"line":45,"column":9},"end":{"line":51,"column":null}},"type":"binary-expr","locations":[{"start":{"line":45,"column":9},"end":{"line":45,"column":14}},{"start":{"line":46,"column":10},"end":{"line":50,"column":null}}]},"2":{"loc":{"start":{"line":54,"column":9},"end":{"line":59,"column":null}},"type":"binary-expr","locations":[{"start":{"line":54,"column":9},"end":{"line":54,"column":17}},{"start":{"line":55,"column":10},"end":{"line":58,"column":null}}]}},"s":{"0":1,"1":1,"2":1,"3":1},"f":{"0":1},"b":{"0":[1,0],"1":[1,0],"2":[1,0]}}
,"E:\\University\\Semester6\\SE\\IdeYar-front\\src\\components\\buttons\\PrimaryButton.tsx": {"path":"E:\\University\\Semester6\\SE\\IdeYar-front\\src\\components\\buttons\\PrimaryButton.tsx","statementMap":{"0":{"start":{"line":2,"column":0},"end":{"line":2,"column":54}},"1":{"start":{"line":3,"column":0},"end":{"line":3,"column":59}},"2":{"start":{"line":20,"column":22},"end":{"line":54,"column":1}},"3":{"start":{"line":30,"column":2},"end":{"line":53,"column":4}},"4":{"start":{"line":56,"column":0},"end":{"line":56,"column":29}}},"fnMap":{"0":{"name":"(anonymous_1)","decl":{"start":{"line":20,"column":22},"end":{"line":20,"column":23}},"loc":{"start":{"line":29,"column":12},"end":{"line":54,"column":1}}}},"branchMap":{},"s":{"0":1,"1":1,"2":1,"3":1,"4":1},"f":{"0":1},"b":{}}
,"E:\\University\\Semester6\\SE\\IdeYar-front\\src\\store\\settingsSlice.ts": {"path":"E:\\University\\Semester6\\SE\\IdeYar-front\\src\\store\\settingsSlice.ts","statementMap":{"0":{"start":{"line":1,"column":0},"end":{"line":1,"column":62}},"1":{"start":{"line":4,"column":31},"end":{"line":6,"column":2}},"2":{"start":{"line":8,"column":22},"end":{"line":22,"column":2}},"3":{"start":{"line":13,"column":6},"end":{"line":13,"column":28}},"4":{"start":{"line":16,"column":6},"end":{"line":16,"column":26}},"5":{"start":{"line":19,"column":6},"end":{"line":19,"column":39}},"6":{"start":{"line":24,"column":13},"end":{"line":24,"column":null}},"7":{"start":{"line":26,"column":0},"end":{"line":26,"column":37}}},"fnMap":{"0":{"name":"(anonymous_0)","decl":{"start":{"line":12,"column":4},"end":{"line":12,"column":15}},"loc":{"start":{"line":12,"column":55},"end":{"line":14,"column":5}}},"1":{"name":"(anonymous_1)","decl":{"start":{"line":15,"column":4},"end":{"line":15,"column":17}},"loc":{"start":{"line":15,"column":24},"end":{"line":17,"column":5}}},"2":{"name":"(anonymous_2)","decl":{"start":{"line":18,"column":4},"end":{"line":18,"column":15}},"loc":{"start":{"line":18,"column":54},"end":{"line":20,"column":5}}}},"branchMap":{},"s":{"0":1,"1":1,"2":1,"3":0,"4":0,"5":0,"6":1,"7":1},"f":{"0":0,"1":0,"2":0},"b":{}}
,"E:\\University\\Semester6\\SE\\IdeYar-front\\src\\theme\\colorPalette.ts": {"path":"E:\\University\\Semester6\\SE\\IdeYar-front\\src\\theme\\colorPalette.ts","statementMap":{"0":{"start":{"line":2,"column":0},"end":{"line":2,"column":69}},"1":{"start":{"line":3,"column":0},"end":{"line":3,"column":null}},"2":{"start":{"line":12,"column":13},"end":{"line":75,"column":2}},"3":{"start":{"line":77,"column":13},"end":{"line":140,"column":2}}},"fnMap":{},"branchMap":{},"s":{"0":1,"1":1,"2":1,"3":1},"f":{},"b":{}}
,"E:\\University\\Semester6\\SE\\IdeYar-front\\src\\theme\\colors.ts": {"path":"E:\\University\\Semester6\\SE\\IdeYar-front\\src\\theme\\colors.ts","statementMap":{"0":{"start":{"line":1,"column":13},"end":{"line":1,"column":31}},"1":{"start":{"line":2,"column":13},"end":{"line":2,"column":31}},"2":{"start":{"line":3,"column":13},"end":{"line":3,"column":36}},"3":{"start":{"line":5,"column":13},"end":{"line":18,"column":2}},"4":{"start":{"line":20,"column":13},"end":{"line":33,"column":2}},"5":{"start":{"line":35,"column":13},"end":{"line":48,"column":2}},"6":{"start":{"line":50,"column":13},"end":{"line":63,"column":2}},"7":{"start":{"line":65,"column":13},"end":{"line":78,"column":2}},"8":{"start":{"line":80,"column":13},"end":{"line":93,"column":2}}},"fnMap":{},"branchMap":{},"s":{"0":1,"1":1,"2":1,"3":1,"4":1,"5":1,"6":1,"7":1,"8":1},"f":{},"b":{}}
,"E:\\University\\Semester6\\SE\\IdeYar-front\\src\\theme\\textColors.ts": {"path":"E:\\University\\Semester6\\SE\\IdeYar-front\\src\\theme\\textColors.ts","statementMap":{"0":{"start":{"line":1,"column":0},"end":{"line":1,"column":62}},"1":{"start":{"line":9,"column":13},"end":{"line":13,"column":2}},"2":{"start":{"line":15,"column":13},"end":{"line":19,"column":2}}},"fnMap":{},"branchMap":{},"s":{"0":1,"1":1,"2":1},"f":{},"b":{}}
,"E:\\University\\Semester6\\SE\\IdeYar-front\\src\\theme\\typography.ts": {"path":"E:\\University\\Semester6\\SE\\IdeYar-front\\src\\theme\\typography.ts","statementMap":{"0":{"start":{"line":3,"column":38},"end":{"line":25,"column":2}},"1":{"start":{"line":27,"column":0},"end":{"line":27,"column":26}}},"fnMap":{},"branchMap":{},"s":{"0":1,"1":1},"f":{},"b":{}}
,"E:\\University\\Semester6\\SE\\IdeYar-front\\src\\theme\\useTheme.ts": {"path":"E:\\University\\Semester6\\SE\\IdeYar-front\\src\\theme\\useTheme.ts","statementMap":{"0":{"start":{"line":1,"column":0},"end":{"line":1,"column":null}},"1":{"start":{"line":7,"column":0},"end":{"line":7,"column":32}},"2":{"start":{"line":8,"column":0},"end":{"line":8,"column":55}},"3":{"start":{"line":10,"column":0},"end":{"line":10,"column":59}},"4":{"start":{"line":11,"column":0},"end":{"line":11,"column":53}},"5":{"start":{"line":12,"column":0},"end":{"line":12,"column":38}},"6":{"start":{"line":14,"column":13},"end":{"line":20,"column":3}},"7":{"start":{"line":22,"column":13},"end":{"line":28,"column":3}},"8":{"start":{"line":30,"column":17},"end":{"line":43,"column":1}},"9":{"start":{"line":31,"column":19},"end":{"line":31,"column":45}},"10":{"start":{"line":32,"column":19},"end":{"line":32,"column":68}},"11":{"start":{"line":32,"column":53},"end":{"line":32,"column":67}},"12":{"start":{"line":34,"column":16},"end":{"line":40,"column":25}},"13":{"start":{"line":35,"column":4},"end":{"line":38,"column":5}},"14":{"start":{"line":36,"column":30},"end":{"line":36,"column":75}},"15":{"start":{"line":37,"column":6},"end":{"line":37,"column":45}},"16":{"start":{"line":39,"column":4},"end":{"line":39,"column":62}},"17":{"start":{"line":42,"column":2},"end":{"line":42,"column":51}},"18":{"start":{"line":44,"column":0},"end":{"line":44,"column":24}}},"fnMap":{"0":{"name":"(anonymous_1)","decl":{"start":{"line":30,"column":17},"end":{"line":30,"column":27}},"loc":{"start":{"line":30,"column":29},"end":{"line":43,"column":1}}},"1":{"name":"(anonymous_2)","decl":{"start":{"line":32,"column":31},"end":{"line":32,"column":32}},"loc":{"start":{"line":32,"column":53},"end":{"line":32,"column":67}}},"2":{"name":"(anonymous_3)","decl":{"start":{"line":34,"column":24},"end":{"line":34,"column":27}},"loc":{"start":{"line":34,"column":29},"end":{"line":40,"column":3}}}},"branchMap":{"0":{"loc":{"start":{"line":35,"column":4},"end":{"line":38,"column":5}},"type":"if","locations":[{"start":{"line":35,"column":4},"end":{"line":38,"column":5}}]},"1":{"loc":{"start":{"line":39,"column":11},"end":{"line":39,"column":61}},"type":"cond-expr","locations":[{"start":{"line":39,"column":31},"end":{"line":39,"column":44}},{"start":{"line":39,"column":47},"end":{"line":39,"column":61}}]}},"s":{"0":1,"1":1,"2":1,"3":1,"4":1,"5":1,"6":1,"7":1,"8":1,"9":0,"10":0,"11":0,"12":0,"13":0,"14":0,"15":0,"16":0,"17":0,"18":1},"f":{"0":0,"1":0,"2":0},"b":{"0":[0],"1":[0,0]}}
}
