TN:
SF:src\components\buttons\BaseButtonWithIcon.tsx
FN:26,(anonymous_0)
FNF:1
FNH:1
FNDA:1,(anonymous_0)
DA:1,1
DA:26,1
DA:35,1
DA:66,1
LF:4
LH:4
BRDA:38,0,0,1
BRDA:38,0,1,0
BRDA:45,1,0,1
BRDA:45,1,1,0
BRDA:54,2,0,1
BRDA:54,2,1,0
BRF:6
BRH:3
end_of_record
TN:
SF:src\components\buttons\PrimaryButton.tsx
FN:20,(anonymous_1)
FNF:1
FNH:1
FNDA:1,(anonymous_1)
DA:2,1
DA:3,1
DA:20,1
DA:30,1
DA:56,1
LF:5
LH:5
BRF:0
BRH:0
end_of_record
TN:
SF:src\store\settingsSlice.ts
FN:12,(anonymous_0)
FN:15,(anonymous_1)
FN:18,(anonymous_2)
FNF:3
FNH:0
FNDA:0,(anonymous_0)
FNDA:0,(anonymous_1)
FNDA:0,(anonymous_2)
DA:1,1
DA:4,1
DA:8,1
DA:13,0
DA:16,0
DA:19,0
DA:24,1
DA:26,1
LF:8
LH:5
BRF:0
BRH:0
end_of_record
TN:
SF:src\theme\colorPalette.ts
FNF:0
FNH:0
DA:2,1
DA:3,1
DA:12,1
DA:77,1
LF:4
LH:4
BRF:0
BRH:0
end_of_record
TN:
SF:src\theme\colors.ts
FNF:0
FNH:0
DA:1,1
DA:2,1
DA:3,1
DA:5,1
DA:20,1
DA:35,1
DA:50,1
DA:65,1
DA:80,1
LF:9
LH:9
BRF:0
BRH:0
end_of_record
TN:
SF:src\theme\textColors.ts
FNF:0
FNH:0
DA:1,1
DA:9,1
DA:15,1
LF:3
LH:3
BRF:0
BRH:0
end_of_record
TN:
SF:src\theme\typography.ts
FNF:0
FNH:0
DA:3,1
DA:27,1
LF:2
LH:2
BRF:0
BRH:0
end_of_record
TN:
SF:src\theme\useTheme.ts
FN:30,(anonymous_1)
FN:32,(anonymous_2)
FN:34,(anonymous_3)
FNF:3
FNH:0
FNDA:0,(anonymous_1)
FNDA:0,(anonymous_2)
FNDA:0,(anonymous_3)
DA:1,1
DA:7,1
DA:8,1
DA:10,1
DA:11,1
DA:12,1
DA:14,1
DA:22,1
DA:30,1
DA:31,0
DA:32,0
DA:34,0
DA:35,0
DA:36,0
DA:37,0
DA:39,0
DA:42,0
DA:44,1
LF:18
LH:10
BRDA:35,0,0,0
BRDA:39,1,0,0
BRDA:39,1,1,0
BRF:3
BRH:0
end_of_record
